{"/Users/ekaterinatolkacheva/Desktop/Entaint-task/client/src/components/Search/index.tsx": {"path":"/Users/ekaterinatolkacheva/Desktop/Entaint-task/client/src/components/Search/index.tsx","all":false,"statementMap":{"0":{"start":{"line":1,"column":0},"end":{"line":1,"column":23}},"1":{"start":{"line":2,"column":0},"end":{"line":2,"column":26}},"9":{"start":{"line":10,"column":0},"end":{"line":10,"column":74}},"10":{"start":{"line":11,"column":0},"end":{"line":11,"column":10}},"11":{"start":{"line":12,"column":0},"end":{"line":12,"column":49}},"12":{"start":{"line":13,"column":0},"end":{"line":13,"column":75}},"15":{"start":{"line":16,"column":0},"end":{"line":16,"column":2}},"17":{"start":{"line":18,"column":0},"end":{"line":18,"column":22}}},"s":{"0":1,"1":1,"9":1,"10":3,"11":3,"12":3,"15":3,"17":1},"branchMap":{"0":{"type":"branch","line":10,"loc":{"start":{"line":10,"column":35},"end":{"line":16,"column":2}},"locations":[{"start":{"line":10,"column":35},"end":{"line":16,"column":2}}]}},"b":{"0":[3]},"fnMap":{"0":{"name":"Search","decl":{"start":{"line":10,"column":35},"end":{"line":16,"column":2}},"loc":{"start":{"line":10,"column":35},"end":{"line":16,"column":2}},"line":10}},"f":{"0":3}}
}
